1, 2022-04-23T19:53:00, Кузнецов Николай, +375 27 704 59 68, Кто-то оборвал мне телефонный кабель
2, 2021-10-29T22:58:00, Петров Петр, +375413081971, Не работает отопление
3, 2021-10-16T08:00:00, Иванов Иван, 75822222, Соседи слишком шумно ведут себя
4, 2021-09-26T22:25:00, Смирнова Анна, +375597974267, Нет горячей воды
5, 2022-07-30T14:35:00, Сидоров Алексей, 94905168, Не работает отопление
6, 2021-12-03T08:23:00, Иванов Иван, +375609319412, Нет горячей воды
7, 2021-12-08T06:07:00, Сидоров Алексей, +375447384206, Почему опять не работает интернет?
8, 2022-04-07T02:08:00, Петров Петр, 87762244, Кто-то оборвал мне телефонный кабель
9, 2021-11-02T04:41:00, Кузнецов Николай, 84353838, Почему опять не работает интернет?
10, 2021-10-09T14:59:00, Попова Ольга, +375774636858, Кто-то оборвал мне телефонный кабель
11, 2022-01-24T11:10:00, Смирнова Анна, +375272056815, Соседи слишком шумно ведут себя
12, 2022-04-04T22:46:00, Кузнецов Николай, +375 64 643 93 31, Соседи слишком шумно ведут себя
13, 2021-11-30T23:10:00, Смирнова Анна, +375 78 496 79 78, Не включается свет
14, 2022-05-26T03:33:00, Попова Ольга, 46439378, Кто-то оборвал мне телефонный кабель
15, 2022-06-24T13:14:00, Петров Петр, +375 18 906 73 66, Нет горячей воды
16, 2022-03-17T21:16:00, Кузнецов Николай, +375 79 712 31 88, Почему опять не работает интернет?
17, 2021-09-30T01:09:00, Иванов Иван, +375404157263, Нет горячей воды
18, 2022-01-25T18:55:00, Иванов Иван, +375 33 470 16 19, Не включается свет
19, 2022-06-20T09:47:00, Смирнова Анна, +375 99 190 82 32, Кто-то оборвал мне телефонный кабель
20, 2022-03-14T22:28:00, Попова Ольга, +375511538931, Не работает отопление
21, 2021-11-05T14:57:00, Иванов Иван, +375 50 751 75 45, Соседи слишком шумно ведут себя
22, 2022-06-18T07:32:00, Сидоров Алексей, +375915631507, Соседи слишком шумно ведут себя
23, 2021-11-04T19:17:00, Петров Петр, +375468501774, Соседи слишком шумно ведут себя
24, 2022-03-10T21:45:00, Сидоров Алексей, +375022459004, Кто-то оборвал мне телефонный кабель
25, 2022-08-24T07:53:00, Петров Петр, +375610842440, Нет горячей воды